#
# There is insufficient memory for the Java Runtime Environment to continue.
# Native memory allocation (malloc) failed to allocate 730944 bytes. Error detail: Chunk::new
# Possible reasons:
#   The system is out of physical RAM or swap space
#   This process is running with CompressedOops enabled, and the Java Heap may be blocking the growth of the native heap
# Possible solutions:
#   Reduce memory load on the system
#   Increase physical memory or swap space
#   Check if swap backing store is full
#   Decrease Java heap size (-Xmx/-Xms)
#   Decrease number of Java threads
#   Decrease Java thread stack sizes (-Xss)
#   Set larger code cache with -XX:ReservedCodeCacheSize=
#   JVM is running with Unscaled Compressed Oops mode in which the Java heap is
#     placed in the first 4GB address space. The Java Heap base address is the
#     maximum limit for the native heap growth. Please use -XX:HeapBaseMinAddress
#     to set the Java Heap base and to place the Java Heap above 4GB virtual address.
# This output file may be truncated or incomplete.
#
#  Out of Memory Error (arena.cpp:168), pid=19448, tid=13956
#
# JRE version: OpenJDK Runtime Environment Temurin-21.0.8+9 (21.0.8+9) (build 21.0.8+9-LTS)
# Java VM: OpenJDK 64-Bit Server VM Temurin-21.0.8+9 (21.0.8+9-LTS, mixed mode, sharing, tiered, compressed oops, compressed class ptrs, parallel gc, windows-amd64)
# No core dump will be written. Minidumps are not enabled by default on client versions of Windows
#

---------------  S U M M A R Y ------------

Command Line: --add-modules=ALL-SYSTEM --add-opens=java.base/java.util=ALL-UNNAMED --add-opens=java.base/java.lang=ALL-UNNAMED --add-opens=java.base/sun.nio.fs=ALL-UNNAMED -Declipse.application=org.eclipse.jdt.ls.core.id1 -Dosgi.bundles.defaultStartLevel=4 -Declipse.product=org.eclipse.jdt.ls.core.product -Djava.import.generatesMetadataFilesAtProjectRoot=false -DDetectVMInstallationsJob.disabled=true -Dfile.encoding=utf8 -XX:+UseParallelGC -XX:GCTimeRatio=4 -XX:AdaptiveSizePolicyWeight=90 -Dsun.zip.disableMemoryMapping=true -Xmx2G -Xms100m -Xlog:disable -javaagent:c:\Users\DELL\.vscode\extensions\redhat.java-1.45.0-win32-x64\lombok\lombok-1.18.39-4050.jar c:\Users\DELL\.vscode\extensions\redhat.java-1.45.0-win32-x64\server\plugins\org.eclipse.equinox.launcher_1.7.0.v20250519-0528.jar -configuration c:\Users\DELL\AppData\Roaming\Code\User\globalStorage\redhat.java\1.45.0\config_ss_win -data c:\Users\DELL\AppData\Roaming\Code\User\workspaceStorage\2e6a35ae1027c8a343d8f8d5bea92063\redhat.java\ss_ws --pipe=\\.\pipe\lsp-31212347d1c98647ba7673d505c68f2e-sock

Host: Intel(R) Core(TM) i5-10300H CPU @ 2.50GHz, 8 cores, 19G,  Windows 10 , 64 bit Build 19041 (10.0.19041.5915)
Time: Wed Sep 24 20:01:01 2025 Sri Lanka Standard Time elapsed time: 14.667512 seconds (0d 0h 0m 14s)

---------------  T H R E A D  ---------------

Current thread (0x0000019317db7f90):  JavaThread "C2 CompilerThread0" daemon [_thread_in_native, id=13956, stack(0x00000028c3e00000,0x00000028c3f00000) (1024K)]


Current CompileTask:
C2:14667 4678   !   4       org.eclipse.jdt.internal.core.util.DeduplicationUtil::intern (149 bytes)

Stack: [0x00000028c3e00000,0x00000028c3f00000]
Native frames: (J=compiled Java code, j=interpreted, Vv=VM code, C=native code)
V  [jvm.dll+0x6d2449]
V  [jvm.dll+0x8ae341]
V  [jvm.dll+0x8b08be]
V  [jvm.dll+0x8b0fa3]
V  [jvm.dll+0x280c96]
V  [jvm.dll+0xc581d]
V  [jvm.dll+0xc5d53]
V  [jvm.dll+0x3b919c]
V  [jvm.dll+0x1e1409]
V  [jvm.dll+0x249022]
V  [jvm.dll+0x2484af]
V  [jvm.dll+0x1c89ee]
V  [jvm.dll+0x257d4d]
V  [jvm.dll+0x2562ea]
V  [jvm.dll+0x3f2d16]
V  [jvm.dll+0x857e6b]
V  [jvm.dll+0x6d0b0d]
C  [ucrtbase.dll+0x21bb2]
C  [KERNEL32.DLL+0x17374]
C  [ntdll.dll+0x4cc91]


---------------  P R O C E S S  ---------------

Threads class SMR info:
_java_thread_list=0x000001935ff463d0, length=37, elements={
0x000001937f008ba0, 0x0000019317da1ef0, 0x0000019317da37f0, 0x0000019317da5370,
0x0000019317da8190, 0x0000019317dab860, 0x0000019317db1b70, 0x0000019317db7f90,
0x0000019317db8dd0, 0x000001935a929800, 0x000001935aaff3c0, 0x000001935f5958d0,
0x000001935f583970, 0x000001935f7aa750, 0x000001935f7e7d80, 0x000001935fb1cf40,
0x000001935fc76be0, 0x000001935fbfb630, 0x00000193608aefe0, 0x00000193608afd00,
0x00000193608af670, 0x00000193608acf10, 0x00000193608ae2c0, 0x00000193608ac880,
0x00000193608ad5a0, 0x00000193608adc30, 0x00000193608ae950, 0x0000019360590a20,
0x000001936058dc30, 0x000001936058d5a0, 0x000001936058ae40, 0x000001936058e2c0,
0x000001936058efe0, 0x00000193617487f0, 0x0000019362553fe0, 0x000001936058cf10,
0x000001936058f670
}

Java Threads: ( => current thread )
  0x000001937f008ba0 JavaThread "main"                              [_thread_blocked, id=10640, stack(0x00000028c3400000,0x00000028c3500000) (1024K)]
  0x0000019317da1ef0 JavaThread "Reference Handler"          daemon [_thread_blocked, id=11536, stack(0x00000028c3800000,0x00000028c3900000) (1024K)]
  0x0000019317da37f0 JavaThread "Finalizer"                  daemon [_thread_blocked, id=29348, stack(0x00000028c3900000,0x00000028c3a00000) (1024K)]
  0x0000019317da5370 JavaThread "Signal Dispatcher"          daemon [_thread_blocked, id=24796, stack(0x00000028c3a00000,0x00000028c3b00000) (1024K)]
  0x0000019317da8190 JavaThread "Attach Listener"            daemon [_thread_blocked, id=25348, stack(0x00000028c3b00000,0x00000028c3c00000) (1024K)]
  0x0000019317dab860 JavaThread "Service Thread"             daemon [_thread_blocked, id=1456, stack(0x00000028c3c00000,0x00000028c3d00000) (1024K)]
  0x0000019317db1b70 JavaThread "Monitor Deflation Thread"   daemon [_thread_blocked, id=18948, stack(0x00000028c3d00000,0x00000028c3e00000) (1024K)]
=>0x0000019317db7f90 JavaThread "C2 CompilerThread0"         daemon [_thread_in_native, id=13956, stack(0x00000028c3e00000,0x00000028c3f00000) (1024K)]
  0x0000019317db8dd0 JavaThread "C1 CompilerThread0"         daemon [_thread_blocked, id=32460, stack(0x00000028c3f00000,0x00000028c4000000) (1024K)]
  0x000001935a929800 JavaThread "Common-Cleaner"             daemon [_thread_blocked, id=29684, stack(0x00000028c4000000,0x00000028c4100000) (1024K)]
  0x000001935aaff3c0 JavaThread "Notification Thread"        daemon [_thread_blocked, id=30116, stack(0x00000028c4200000,0x00000028c4300000) (1024K)]
  0x000001935f5958d0 JavaThread "Active Thread: Equinox Container: ca691e8d-b596-4198-be63-16a6e18887c4"        [_thread_blocked, id=1308, stack(0x00000028c4a00000,0x00000028c4b00000) (1024K)]
  0x000001935f583970 JavaThread "Framework Event Dispatcher: Equinox Container: ca691e8d-b596-4198-be63-16a6e18887c4" daemon [_thread_blocked, id=20272, stack(0x00000028c4b00000,0x00000028c4c00000) (1024K)]
  0x000001935f7aa750 JavaThread "Start Level: Equinox Container: ca691e8d-b596-4198-be63-16a6e18887c4" daemon [_thread_blocked, id=8120, stack(0x00000028c4c00000,0x00000028c4d00000) (1024K)]
  0x000001935f7e7d80 JavaThread "SCR Component Actor"        daemon [_thread_blocked, id=852, stack(0x00000028c4e00000,0x00000028c4f00000) (1024K)]
  0x000001935fb1cf40 JavaThread "Worker-JM"                         [_thread_blocked, id=10096, stack(0x00000028c4300000,0x00000028c4400000) (1024K)]
  0x000001935fc76be0 JavaThread "Worker-0"                          [_thread_blocked, id=24284, stack(0x00000028c5000000,0x00000028c5100000) (1024K)]
  0x000001935fbfb630 JavaThread "Worker-1: Periodic workspace save."        [_thread_blocked, id=31644, stack(0x00000028c5100000,0x00000028c5200000) (1024K)]
  0x00000193608aefe0 JavaThread "JNA Cleaner"                daemon [_thread_blocked, id=6256, stack(0x00000028c5300000,0x00000028c5400000) (1024K)]
  0x00000193608afd00 JavaThread "Thread-2"                   daemon [_thread_in_native, id=19672, stack(0x00000028c5400000,0x00000028c5500000) (1024K)]
  0x00000193608af670 JavaThread "Thread-3"                   daemon [_thread_in_native, id=17880, stack(0x00000028c5500000,0x00000028c5600000) (1024K)]
  0x00000193608acf10 JavaThread "Thread-4"                   daemon [_thread_in_native, id=31672, stack(0x00000028c5600000,0x00000028c5700000) (1024K)]
  0x00000193608ae2c0 JavaThread "Thread-5"                   daemon [_thread_in_native, id=29332, stack(0x00000028c5700000,0x00000028c5800000) (1024K)]
  0x00000193608ac880 JavaThread "Thread-6"                   daemon [_thread_in_native, id=18272, stack(0x00000028c5800000,0x00000028c5900000) (1024K)]
  0x00000193608ad5a0 JavaThread "Thread-7"                   daemon [_thread_in_native, id=13584, stack(0x00000028c5900000,0x00000028c5a00000) (1024K)]
  0x00000193608adc30 JavaThread "Thread-8"                   daemon [_thread_in_native, id=10800, stack(0x00000028c5a00000,0x00000028c5b00000) (1024K)]
  0x00000193608ae950 JavaThread "Thread-9"                   daemon [_thread_in_native, id=22184, stack(0x00000028c5b00000,0x00000028c5c00000) (1024K)]
  0x0000019360590a20 JavaThread "Thread-10"                  daemon [_thread_in_native, id=23556, stack(0x00000028c5c00000,0x00000028c5d00000) (1024K)]
  0x000001936058dc30 JavaThread "pool-2-thread-1"                   [_thread_blocked, id=11476, stack(0x00000028c5d00000,0x00000028c5e00000) (1024K)]
  0x000001936058d5a0 JavaThread "WorkspaceEventsHandler"            [_thread_blocked, id=15476, stack(0x00000028c5e00000,0x00000028c5f00000) (1024K)]
  0x000001936058ae40 JavaThread "pool-1-thread-1"                   [_thread_in_Java, id=12108, stack(0x00000028c5f00000,0x00000028c6000000) (1024K)]
  0x000001936058e2c0 JavaThread "ForkJoinPool.commonPool-worker-1" daemon [_thread_blocked, id=13620, stack(0x00000028c4100000,0x00000028c4200000) (1024K)]
  0x000001936058efe0 JavaThread "ForkJoinPool.commonPool-worker-2" daemon [_thread_in_Java, id=2772, stack(0x00000028c4f00000,0x00000028c5000000) (1024K)]
  0x00000193617487f0 JavaThread "C2 CompilerThread1"         daemon [_thread_in_native, id=21740, stack(0x00000028c5200000,0x00000028c5300000) (1024K)]
  0x0000019362553fe0 JavaThread "C2 CompilerThread2"         daemon [_thread_in_native, id=25416, stack(0x00000028c6000000,0x00000028c6100000) (1024K)]
  0x000001936058cf10 JavaThread "Worker-2"                          [_thread_blocked, id=31580, stack(0x00000028c6100000,0x00000028c6200000) (1024K)]
  0x000001936058f670 JavaThread "ForkJoinPool-2-worker-1"    daemon [_thread_new, id=2220, stack(0x0000000000000000,0x0000000000000000) (0B)]
Total: 37

Other Threads:
  0x0000019317d92510 VMThread "VM Thread"                           [id=23944, stack(0x00000028c3700000,0x00000028c3800000) (1024K)]
  0x000001937ff32ae0 WatcherThread "VM Periodic Task Thread"        [id=13124, stack(0x00000028c3600000,0x00000028c3700000) (1024K)]
  0x000001937fee62c0 WorkerThread "GC Thread#0"                     [id=30856, stack(0x00000028c3500000,0x00000028c3600000) (1024K)]
  0x000001935f027cc0 WorkerThread "GC Thread#1"                     [id=16432, stack(0x00000028c4400000,0x00000028c4500000) (1024K)]
  0x000001935f0235d0 WorkerThread "GC Thread#2"                     [id=29096, stack(0x00000028c4500000,0x00000028c4600000) (1024K)]
  0x000001935f34a720 WorkerThread "GC Thread#3"                     [id=32536, stack(0x00000028c4600000,0x00000028c4700000) (1024K)]
  0x000001935f34aac0 WorkerThread "GC Thread#4"                     [id=20428, stack(0x00000028c4700000,0x00000028c4800000) (1024K)]
  0x000001935f34ae60 WorkerThread "GC Thread#5"                     [id=20944, stack(0x00000028c4800000,0x00000028c4900000) (1024K)]
  0x000001935f025cb0 WorkerThread "GC Thread#6"                     [id=1128, stack(0x00000028c4900000,0x00000028c4a00000) (1024K)]
  0x000001935f7e6ee0 WorkerThread "GC Thread#7"                     [id=21920, stack(0x00000028c4d00000,0x00000028c4e00000) (1024K)]
Total: 10

Threads with active compile tasks:
C2 CompilerThread0  14692 4678   !   4       org.eclipse.jdt.internal.core.util.DeduplicationUtil::intern (149 bytes)
C2 CompilerThread1  14692 4917       4       java.lang.reflect.AccessibleObject::checkAccess (40 bytes)
C2 CompilerThread2  14692 4929 %     4       java.util.Properties$LineReader::readLine @ 293 (584 bytes)
Total: 3

VM state: not at safepoint (normal execution)

VM Mutex/Monitor currently owned by a thread: None

Heap address: 0x0000000080000000, size: 2048 MB, Compressed Oops mode: 32-bit

CDS archive(s) mapped at: [0x0000019318000000-0x0000019318ba0000-0x0000019318ba0000), size 12189696, SharedBaseAddress: 0x0000019318000000, ArchiveRelocationMode: 1.
Compressed class space mapped at: 0x0000019319000000-0x0000019359000000, reserved size: 1073741824
Narrow klass base: 0x0000019318000000, Narrow klass shift: 0, Narrow klass range: 0x100000000

GC Precious Log:
 CardTable entry size: 512
 CPUs: 8 total, 8 available
 Memory: 20273M
 Large Page Support: Disabled
 NUMA Support: Disabled
 Compressed Oops: Enabled (32-bit)
 Alignments: Space 512K, Generation 512K, Heap 2M
 Heap Min Capacity: 100M
 Heap Initial Capacity: 100M
 Heap Max Capacity: 2G
 Pre-touch: Disabled
 Parallel Workers: 8

Heap:
 PSYoungGen      total 23552K, used 12831K [0x00000000d5580000, 0x00000000d7400000, 0x0000000100000000)
  eden space 20992K, 48% used [0x00000000d5580000,0x00000000d5f89d28,0x00000000d6a00000)
  from space 2560K, 99% used [0x00000000d6a00000,0x00000000d6c7e200,0x00000000d6c80000)
  to   space 5120K, 0% used [0x00000000d6f00000,0x00000000d6f00000,0x00000000d7400000)
 ParOldGen       total 68608K, used 26847K [0x0000000080000000, 0x0000000084300000, 0x00000000d5580000)
  object space 68608K, 39% used [0x0000000080000000,0x0000000081a37c40,0x0000000084300000)
 Metaspace       used 37743K, committed 38720K, reserved 1114112K
  class space    used 3860K, committed 4288K, reserved 1048576K

Card table byte_map: [0x000001937f870000,0x000001937fc80000] _byte_map_base: 0x000001937f470000

Marking Bits: (ParMarkBitMap*) 0x00007ffb386aa340
 Begin Bits: [0x00000193137f0000, 0x00000193157f0000)
 End Bits:   [0x00000193157f0000, 0x00000193177f0000)

Polling page: 0x000001937f100000

Metaspace:

Usage:
  Non-class:     33.09 MB used.
      Class:      3.77 MB used.
       Both:     36.86 MB used.

Virtual space:
  Non-class space:       64.00 MB reserved,      33.62 MB ( 53%) committed,  1 nodes.
      Class space:        1.00 GB reserved,       4.19 MB ( <1%) committed,  1 nodes.
             Both:        1.06 GB reserved,      37.81 MB (  3%) committed. 

Chunk freelists:
   Non-Class:  13.57 MB
       Class:  11.65 MB
        Both:  25.21 MB

MaxMetaspaceSize: unlimited
CompressedClassSpaceSize: 1.00 GB
Initial GC threshold: 21.00 MB
Current GC threshold: 58.38 MB
CDS: on
 - commit_granule_bytes: 65536.
 - commit_granule_words: 8192.
 - virtual_space_node_default_size: 8388608.
 - enlarge_chunks_in_place: 1.
 - use_allocation_guard: 0.


Internal statistics:

num_allocs_failed_limit: 6.
num_arena_births: 726.
num_arena_deaths: 38.
num_vsnodes_births: 2.
num_vsnodes_deaths: 0.
num_space_committed: 605.
num_space_uncommitted: 0.
num_chunks_returned_to_freelist: 52.
num_chunks_taken_from_freelist: 2268.
num_chunk_merges: 12.
num_chunk_splits: 1477.
num_chunks_enlarged: 935.
num_inconsistent_stats: 0.

CodeHeap 'non-profiled nmethods': size=120000Kb used=2580Kb max_used=2580Kb free=117419Kb
 bounds [0x000001930c010000, 0x000001930c2a0000, 0x0000019313540000]
CodeHeap 'profiled nmethods': size=120000Kb used=8936Kb max_used=8936Kb free=111063Kb
 bounds [0x0000019304540000, 0x0000019304e00000, 0x000001930ba70000]
CodeHeap 'non-nmethods': size=5760Kb used=1387Kb max_used=1463Kb free=4372Kb
 bounds [0x000001930ba70000, 0x000001930bce0000, 0x000001930c010000]
CodeCache: size=245760Kb, used=12903Kb, max_used=12979Kb, free=232854Kb
 total_blobs=5215, nmethods=4523, adapters=598, full_count=0
Compilation: enabled, stopped_count=0, restarted_count=0

Compilation events (20 events):
Event: 14.655 Thread 0x0000019317db8dd0 4893       3       jdk.internal.reflect.MethodHandleIntegerFieldAccessorImpl::get (9 bytes)
Event: 14.655 Thread 0x0000019317db8dd0 nmethod 4893 0x0000019304de9d10 code [0x0000019304de9f00, 0x0000019304dea2c8]
Event: 14.655 Thread 0x0000019317db8dd0 4901       3       org.eclipse.jdt.internal.core.util.LRUCache::removeKey (31 bytes)
Event: 14.655 Thread 0x0000019317db8dd0 nmethod 4901 0x0000019304dea490 code [0x0000019304dea660, 0x0000019304deaa70]
Event: 14.655 Thread 0x0000019317db8dd0 4894   !   3       jdk.internal.reflect.MethodHandleIntegerFieldAccessorImpl::getInt (44 bytes)
Event: 14.656 Thread 0x0000019317db8dd0 nmethod 4894 0x0000019304deab90 code [0x0000019304deae60, 0x0000019304debd48]
Event: 14.656 Thread 0x0000019317db8dd0 4904       3       org.eclipse.jdt.internal.core.JavaElementInfo::getExtendedChildren (4 bytes)
Event: 14.656 Thread 0x0000019317db8dd0 nmethod 4904 0x0000019304656210 code [0x00000193046563a0, 0x00000193046564b8]
Event: 14.656 Thread 0x0000019317db8dd0 4890       3       jdk.internal.reflect.MethodHandleIntegerFieldAccessorImpl::<init> (12 bytes)
Event: 14.656 Thread 0x0000019317db8dd0 nmethod 4890 0x00000193046f0190 code [0x00000193046f0340, 0x00000193046f0478]
Event: 14.656 Thread 0x0000019317db8dd0 4903       3       java.lang.invoke.LambdaForm$MH/0x000001931944a400::invokeExact_MT (22 bytes)
Event: 14.657 Thread 0x0000019317db8dd0 nmethod 4903 0x0000019304dec490 code [0x0000019304dec6a0, 0x0000019304decd88]
Event: 14.657 Thread 0x0000019317db8dd0 4906       3       java.lang.invoke.DirectMethodHandle$Holder::getInt (26 bytes)
Event: 14.657 Thread 0x0000019317db8dd0 nmethod 4906 0x0000019304decf90 code [0x0000019304ded160, 0x0000019304ded630]
Event: 14.662 Thread 0x0000019317db8dd0 4907       3       org.eclipse.jdt.internal.core.AbstractClassFile::equals (49 bytes)
Event: 14.662 Thread 0x0000019317db8dd0 nmethod 4907 0x0000019304ded790 code [0x0000019304ded980, 0x0000019304dedfd0]
Event: 14.662 Thread 0x0000019317db8dd0 4908       1       org.eclipse.core.internal.events.ResourceDelta::getFullPath (5 bytes)
Event: 14.662 Thread 0x0000019317db8dd0 nmethod 4908 0x000001930c28ce10 code [0x000001930c28cfa0, 0x000001930c28d068]
Event: 14.665 Thread 0x0000019317db8dd0 4909       3       org.eclipse.core.internal.registry.ReferenceMap::put (157 bytes)
Event: 14.666 Thread 0x0000019317db8dd0 nmethod 4909 0x0000019304dee110 code [0x0000019304dee380, 0x0000019304deed80]

GC Heap History (20 events):
Event: 13.507 GC heap before
{Heap before GC invocations=10 (full 1):
 PSYoungGen      total 26624K, used 26562K [0x00000000d5580000, 0x00000000d7400000, 0x0000000100000000)
  eden space 23552K, 100% used [0x00000000d5580000,0x00000000d6c80000,0x00000000d6c80000)
  from space 3072K, 97% used [0x00000000d7100000,0x00000000d73f09b8,0x00000000d7400000)
  to   space 3584K, 0% used [0x00000000d6d00000,0x00000000d6d00000,0x00000000d7080000)
 ParOldGen       total 68608K, used 10608K [0x0000000080000000, 0x0000000084300000, 0x00000000d5580000)
  object space 68608K, 15% used [0x0000000080000000,0x0000000080a5c1a0,0x0000000084300000)
 Metaspace       used 31404K, committed 32256K, reserved 1114112K
  class space    used 3217K, committed 3584K, reserved 1048576K
}
Event: 13.510 GC heap after
{Heap after GC invocations=10 (full 1):
 PSYoungGen      total 26624K, used 3582K [0x00000000d5580000, 0x00000000d7500000, 0x0000000100000000)
  eden space 23040K, 0% used [0x00000000d5580000,0x00000000d5580000,0x00000000d6c00000)
  from space 3584K, 99% used [0x00000000d6d00000,0x00000000d707fbc8,0x00000000d7080000)
  to   space 4608K, 0% used [0x00000000d7080000,0x00000000d7080000,0x00000000d7500000)
 ParOldGen       total 68608K, used 10948K [0x0000000080000000, 0x0000000084300000, 0x00000000d5580000)
  object space 68608K, 15% used [0x0000000080000000,0x0000000080ab11b0,0x0000000084300000)
 Metaspace       used 31404K, committed 32256K, reserved 1114112K
  class space    used 3217K, committed 3584K, reserved 1048576K
}
Event: 13.877 GC heap before
{Heap before GC invocations=11 (full 1):
 PSYoungGen      total 26624K, used 26622K [0x00000000d5580000, 0x00000000d7500000, 0x0000000100000000)
  eden space 23040K, 100% used [0x00000000d5580000,0x00000000d6c00000,0x00000000d6c00000)
  from space 3584K, 99% used [0x00000000d6d00000,0x00000000d707fbc8,0x00000000d7080000)
  to   space 4608K, 0% used [0x00000000d7080000,0x00000000d7080000,0x00000000d7500000)
 ParOldGen       total 68608K, used 10948K [0x0000000080000000, 0x0000000084300000, 0x00000000d5580000)
  object space 68608K, 15% used [0x0000000080000000,0x0000000080ab11b0,0x0000000084300000)
 Metaspace       used 33552K, committed 34432K, reserved 1114112K
  class space    used 3473K, committed 3904K, reserved 1048576K
}
Event: 13.880 GC heap after
{Heap after GC invocations=11 (full 1):
 PSYoungGen      total 24576K, used 1829K [0x00000000d5580000, 0x00000000d7280000, 0x0000000100000000)
  eden space 22528K, 0% used [0x00000000d5580000,0x00000000d5580000,0x00000000d6b80000)
  from space 2048K, 89% used [0x00000000d7080000,0x00000000d7249598,0x00000000d7280000)
  to   space 3072K, 0% used [0x00000000d6c80000,0x00000000d6c80000,0x00000000d6f80000)
 ParOldGen       total 68608K, used 13476K [0x0000000080000000, 0x0000000084300000, 0x00000000d5580000)
  object space 68608K, 19% used [0x0000000080000000,0x0000000080d29260,0x0000000084300000)
 Metaspace       used 33552K, committed 34432K, reserved 1114112K
  class space    used 3473K, committed 3904K, reserved 1048576K
}
Event: 14.049 GC heap before
{Heap before GC invocations=12 (full 1):
 PSYoungGen      total 24576K, used 24357K [0x00000000d5580000, 0x00000000d7280000, 0x0000000100000000)
  eden space 22528K, 100% used [0x00000000d5580000,0x00000000d6b80000,0x00000000d6b80000)
  from space 2048K, 89% used [0x00000000d7080000,0x00000000d7249598,0x00000000d7280000)
  to   space 3072K, 0% used [0x00000000d6c80000,0x00000000d6c80000,0x00000000d6f80000)
 ParOldGen       total 68608K, used 13476K [0x0000000080000000, 0x0000000084300000, 0x00000000d5580000)
  object space 68608K, 19% used [0x0000000080000000,0x0000000080d29260,0x0000000084300000)
 Metaspace       used 34702K, committed 35648K, reserved 1114112K
  class space    used 3588K, committed 4032K, reserved 1048576K
}
Event: 14.051 GC heap after
{Heap after GC invocations=12 (full 1):
 PSYoungGen      total 24064K, used 1792K [0x00000000d5580000, 0x00000000d7100000, 0x0000000100000000)
  eden space 22016K, 0% used [0x00000000d5580000,0x00000000d5580000,0x00000000d6b00000)
  from space 2048K, 87% used [0x00000000d6c80000,0x00000000d6e40020,0x00000000d6e80000)
  to   space 2048K, 0% used [0x00000000d6f00000,0x00000000d6f00000,0x00000000d7100000)
 ParOldGen       total 68608K, used 15184K [0x0000000080000000, 0x0000000084300000, 0x00000000d5580000)
  object space 68608K, 22% used [0x0000000080000000,0x0000000080ed4398,0x0000000084300000)
 Metaspace       used 34702K, committed 35648K, reserved 1114112K
  class space    used 3588K, committed 4032K, reserved 1048576K
}
Event: 14.105 GC heap before
{Heap before GC invocations=13 (full 1):
 PSYoungGen      total 24064K, used 21195K [0x00000000d5580000, 0x00000000d7100000, 0x0000000100000000)
  eden space 22016K, 88% used [0x00000000d5580000,0x00000000d6872f28,0x00000000d6b00000)
  from space 2048K, 87% used [0x00000000d6c80000,0x00000000d6e40020,0x00000000d6e80000)
  to   space 2048K, 0% used [0x00000000d6f00000,0x00000000d6f00000,0x00000000d7100000)
 ParOldGen       total 68608K, used 15184K [0x0000000080000000, 0x0000000084300000, 0x00000000d5580000)
  object space 68608K, 22% used [0x0000000080000000,0x0000000080ed4398,0x0000000084300000)
 Metaspace       used 34831K, committed 35840K, reserved 1114112K
  class space    used 3604K, committed 4096K, reserved 1048576K
}
Event: 14.109 GC heap after
{Heap after GC invocations=13 (full 1):
 PSYoungGen      total 24064K, used 1972K [0x00000000d5580000, 0x00000000d7100000, 0x0000000100000000)
  eden space 22016K, 0% used [0x00000000d5580000,0x00000000d5580000,0x00000000d6b00000)
  from space 2048K, 96% used [0x00000000d6f00000,0x00000000d70ed318,0x00000000d7100000)
  to   space 2048K, 0% used [0x00000000d6c80000,0x00000000d6c80000,0x00000000d6e80000)
 ParOldGen       total 68608K, used 16757K [0x0000000080000000, 0x0000000084300000, 0x00000000d5580000)
  object space 68608K, 24% used [0x0000000080000000,0x000000008105d700,0x0000000084300000)
 Metaspace       used 34831K, committed 35840K, reserved 1114112K
  class space    used 3604K, committed 4096K, reserved 1048576K
}
Event: 14.109 GC heap before
{Heap before GC invocations=14 (full 2):
 PSYoungGen      total 24064K, used 1972K [0x00000000d5580000, 0x00000000d7100000, 0x0000000100000000)
  eden space 22016K, 0% used [0x00000000d5580000,0x00000000d5580000,0x00000000d6b00000)
  from space 2048K, 96% used [0x00000000d6f00000,0x00000000d70ed318,0x00000000d7100000)
  to   space 2048K, 0% used [0x00000000d6c80000,0x00000000d6c80000,0x00000000d6e80000)
 ParOldGen       total 68608K, used 16757K [0x0000000080000000, 0x0000000084300000, 0x00000000d5580000)
  object space 68608K, 24% used [0x0000000080000000,0x000000008105d700,0x0000000084300000)
 Metaspace       used 34831K, committed 35840K, reserved 1114112K
  class space    used 3604K, committed 4096K, reserved 1048576K
}
Event: 14.147 GC heap after
{Heap after GC invocations=14 (full 2):
 PSYoungGen      total 24064K, used 0K [0x00000000d5580000, 0x00000000d7100000, 0x0000000100000000)
  eden space 22016K, 0% used [0x00000000d5580000,0x00000000d5580000,0x00000000d6b00000)
  from space 2048K, 0% used [0x00000000d6f00000,0x00000000d6f00000,0x00000000d7100000)
  to   space 2048K, 0% used [0x00000000d6c80000,0x00000000d6c80000,0x00000000d6e80000)
 ParOldGen       total 68608K, used 18281K [0x0000000080000000, 0x0000000084300000, 0x00000000d5580000)
  object space 68608K, 26% used [0x0000000080000000,0x00000000811da6f0,0x0000000084300000)
 Metaspace       used 34810K, committed 35840K, reserved 1114112K
  class space    used 3598K, committed 4096K, reserved 1048576K
}
Event: 14.242 GC heap before
{Heap before GC invocations=15 (full 2):
 PSYoungGen      total 24064K, used 22016K [0x00000000d5580000, 0x00000000d7100000, 0x0000000100000000)
  eden space 22016K, 100% used [0x00000000d5580000,0x00000000d6b00000,0x00000000d6b00000)
  from space 2048K, 0% used [0x00000000d6f00000,0x00000000d6f00000,0x00000000d7100000)
  to   space 2048K, 0% used [0x00000000d6c80000,0x00000000d6c80000,0x00000000d6e80000)
 ParOldGen       total 68608K, used 18281K [0x0000000080000000, 0x0000000084300000, 0x00000000d5580000)
  object space 68608K, 26% used [0x0000000080000000,0x00000000811da6f0,0x0000000084300000)
 Metaspace       used 35397K, committed 36416K, reserved 1114112K
  class space    used 3681K, committed 4160K, reserved 1048576K
}
Event: 14.245 GC heap after
{Heap after GC invocations=15 (full 2):
 PSYoungGen      total 24064K, used 2033K [0x00000000d5580000, 0x00000000d7000000, 0x0000000100000000)
  eden space 22016K, 0% used [0x00000000d5580000,0x00000000d5580000,0x00000000d6b00000)
  from space 2048K, 99% used [0x00000000d6c80000,0x00000000d6e7c410,0x00000000d6e80000)
  to   space 1536K, 0% used [0x00000000d6e80000,0x00000000d6e80000,0x00000000d7000000)
 ParOldGen       total 68608K, used 18697K [0x0000000080000000, 0x0000000084300000, 0x00000000d5580000)
  object space 68608K, 27% used [0x0000000080000000,0x0000000081242730,0x0000000084300000)
 Metaspace       used 35397K, committed 36416K, reserved 1114112K
  class space    used 3681K, committed 4160K, reserved 1048576K
}
Event: 14.312 GC heap before
{Heap before GC invocations=16 (full 2):
 PSYoungGen      total 24064K, used 24049K [0x00000000d5580000, 0x00000000d7000000, 0x0000000100000000)
  eden space 22016K, 100% used [0x00000000d5580000,0x00000000d6b00000,0x00000000d6b00000)
  from space 2048K, 99% used [0x00000000d6c80000,0x00000000d6e7c410,0x00000000d6e80000)
  to   space 1536K, 0% used [0x00000000d6e80000,0x00000000d6e80000,0x00000000d7000000)
 ParOldGen       total 68608K, used 18697K [0x0000000080000000, 0x0000000084300000, 0x00000000d5580000)
  object space 68608K, 27% used [0x0000000080000000,0x0000000081242730,0x0000000084300000)
 Metaspace       used 35757K, committed 36736K, reserved 1114112K
  class space    used 3698K, committed 4160K, reserved 1048576K
}
Event: 14.315 GC heap after
{Heap after GC invocations=16 (full 2):
 PSYoungGen      total 22528K, used 1536K [0x00000000d5580000, 0x00000000d7400000, 0x0000000100000000)
  eden space 20992K, 0% used [0x00000000d5580000,0x00000000d5580000,0x00000000d6a00000)
  from space 1536K, 100% used [0x00000000d6e80000,0x00000000d7000000,0x00000000d7000000)
  to   space 4608K, 0% used [0x00000000d6a00000,0x00000000d6a00000,0x00000000d6e80000)
 ParOldGen       total 68608K, used 21160K [0x0000000080000000, 0x0000000084300000, 0x00000000d5580000)
  object space 68608K, 30% used [0x0000000080000000,0x00000000814aa180,0x0000000084300000)
 Metaspace       used 35757K, committed 36736K, reserved 1114112K
  class space    used 3698K, committed 4160K, reserved 1048576K
}
Event: 14.390 GC heap before
{Heap before GC invocations=17 (full 2):
 PSYoungGen      total 22528K, used 22528K [0x00000000d5580000, 0x00000000d7400000, 0x0000000100000000)
  eden space 20992K, 100% used [0x00000000d5580000,0x00000000d6a00000,0x00000000d6a00000)
  from space 1536K, 100% used [0x00000000d6e80000,0x00000000d7000000,0x00000000d7000000)
  to   space 4608K, 0% used [0x00000000d6a00000,0x00000000d6a00000,0x00000000d6e80000)
 ParOldGen       total 68608K, used 21160K [0x0000000080000000, 0x0000000084300000, 0x00000000d5580000)
  object space 68608K, 30% used [0x0000000080000000,0x00000000814aa180,0x0000000084300000)
 Metaspace       used 36346K, committed 37312K, reserved 1114112K
  class space    used 3762K, committed 4224K, reserved 1048576K
}
Event: 14.394 GC heap after
{Heap after GC invocations=17 (full 2):
 PSYoungGen      total 23552K, used 2276K [0x00000000d5580000, 0x00000000d7000000, 0x0000000100000000)
  eden space 20992K, 0% used [0x00000000d5580000,0x00000000d5580000,0x00000000d6a00000)
  from space 2560K, 88% used [0x00000000d6a00000,0x00000000d6c39000,0x00000000d6c80000)
  to   space 3072K, 0% used [0x00000000d6d00000,0x00000000d6d00000,0x00000000d7000000)
 ParOldGen       total 68608K, used 22662K [0x0000000080000000, 0x0000000084300000, 0x00000000d5580000)
  object space 68608K, 33% used [0x0000000080000000,0x0000000081621b30,0x0000000084300000)
 Metaspace       used 36346K, committed 37312K, reserved 1114112K
  class space    used 3762K, committed 4224K, reserved 1048576K
}
Event: 14.481 GC heap before
{Heap before GC invocations=18 (full 2):
 PSYoungGen      total 23552K, used 23268K [0x00000000d5580000, 0x00000000d7000000, 0x0000000100000000)
  eden space 20992K, 100% used [0x00000000d5580000,0x00000000d6a00000,0x00000000d6a00000)
  from space 2560K, 88% used [0x00000000d6a00000,0x00000000d6c39000,0x00000000d6c80000)
  to   space 3072K, 0% used [0x00000000d6d00000,0x00000000d6d00000,0x00000000d7000000)
 ParOldGen       total 68608K, used 22662K [0x0000000080000000, 0x0000000084300000, 0x00000000d5580000)
  object space 68608K, 33% used [0x0000000080000000,0x0000000081621b30,0x0000000084300000)
 Metaspace       used 36773K, committed 37760K, reserved 1114112K
  class space    used 3790K, committed 4224K, reserved 1048576K
}
Event: 14.485 GC heap after
{Heap after GC invocations=18 (full 2):
 PSYoungGen      total 23552K, used 2176K [0x00000000d5580000, 0x00000000d6f80000, 0x0000000100000000)
  eden space 20992K, 0% used [0x00000000d5580000,0x00000000d5580000,0x00000000d6a00000)
  from space 2560K, 85% used [0x00000000d6d00000,0x00000000d6f20010,0x00000000d6f80000)
  to   space 2560K, 0% used [0x00000000d6a00000,0x00000000d6a00000,0x00000000d6c80000)
 ParOldGen       total 68608K, used 24751K [0x0000000080000000, 0x0000000084300000, 0x00000000d5580000)
  object space 68608K, 36% used [0x0000000080000000,0x000000008182bc30,0x0000000084300000)
 Metaspace       used 36773K, committed 37760K, reserved 1114112K
  class space    used 3790K, committed 4224K, reserved 1048576K
}
Event: 14.561 GC heap before
{Heap before GC invocations=19 (full 2):
 PSYoungGen      total 23552K, used 23168K [0x00000000d5580000, 0x00000000d6f80000, 0x0000000100000000)
  eden space 20992K, 100% used [0x00000000d5580000,0x00000000d6a00000,0x00000000d6a00000)
  from space 2560K, 85% used [0x00000000d6d00000,0x00000000d6f20010,0x00000000d6f80000)
  to   space 2560K, 0% used [0x00000000d6a00000,0x00000000d6a00000,0x00000000d6c80000)
 ParOldGen       total 68608K, used 24751K [0x0000000080000000, 0x0000000084300000, 0x00000000d5580000)
  object space 68608K, 36% used [0x0000000080000000,0x000000008182bc30,0x0000000084300000)
 Metaspace       used 36931K, committed 37888K, reserved 1114112K
  class space    used 3798K, committed 4224K, reserved 1048576K
}
Event: 14.565 GC heap after
{Heap after GC invocations=19 (full 2):
 PSYoungGen      total 23552K, used 2552K [0x00000000d5580000, 0x00000000d7400000, 0x0000000100000000)
  eden space 20992K, 0% used [0x00000000d5580000,0x00000000d5580000,0x00000000d6a00000)
  from space 2560K, 99% used [0x00000000d6a00000,0x00000000d6c7e200,0x00000000d6c80000)
  to   space 5120K, 0% used [0x00000000d6f00000,0x00000000d6f00000,0x00000000d7400000)
 ParOldGen       total 68608K, used 26847K [0x0000000080000000, 0x0000000084300000, 0x00000000d5580000)
  object space 68608K, 39% used [0x0000000080000000,0x0000000081a37c40,0x0000000084300000)
 Metaspace       used 36931K, committed 37888K, reserved 1114112K
  class space    used 3798K, committed 4224K, reserved 1048576K
}

Dll operation events (10 events):
Event: 0.005 Loaded shared library c:\Users\DELL\.vscode\extensions\redhat.java-1.45.0-win32-x64\jre\21.0.8-win32-x86_64\bin\java.dll
Event: 0.050 Loaded shared library c:\Users\DELL\.vscode\extensions\redhat.java-1.45.0-win32-x64\jre\21.0.8-win32-x86_64\bin\zip.dll
Event: 0.064 Loaded shared library C:\Users\DELL\.vscode\extensions\redhat.java-1.45.0-win32-x64\jre\21.0.8-win32-x86_64\bin\instrument.dll
Event: 0.067 Loaded shared library C:\Users\DELL\.vscode\extensions\redhat.java-1.45.0-win32-x64\jre\21.0.8-win32-x86_64\bin\net.dll
Event: 0.068 Loaded shared library C:\Users\DELL\.vscode\extensions\redhat.java-1.45.0-win32-x64\jre\21.0.8-win32-x86_64\bin\nio.dll
Event: 0.071 Loaded shared library C:\Users\DELL\.vscode\extensions\redhat.java-1.45.0-win32-x64\jre\21.0.8-win32-x86_64\bin\zip.dll
Event: 0.086 Loaded shared library C:\Users\DELL\.vscode\extensions\redhat.java-1.45.0-win32-x64\jre\21.0.8-win32-x86_64\bin\jimage.dll
Event: 0.133 Loaded shared library c:\Users\DELL\.vscode\extensions\redhat.java-1.45.0-win32-x64\jre\21.0.8-win32-x86_64\bin\verify.dll
Event: 1.057 Loaded shared library C:\Users\DELL\AppData\Roaming\Code\User\globalStorage\redhat.java\1.45.0\config_ss_win\org.eclipse.equinox.launcher\org.eclipse.equinox.launcher.win32.win32.x86_64_1.2.1400.v20250801-0854\eclipse_11916.dll
Event: 2.630 Loaded shared library C:\Users\DELL\AppData\Local\Temp\jna-2094529\jna16386979714243436918.dll

Deoptimization events (20 events):
Event: 14.316 Thread 0x000001936058ae40 Uncommon trap: trap_request=0xffffff45 fr.pc=0x000001930c04afd4 relative=0x00000000000004b4
Event: 14.317 Thread 0x000001936058ae40 Uncommon trap: reason=unstable_if action=reinterpret pc=0x000001930c04afd4 method=java.util.ArrayList.equalsRange(Ljava/util/List;II)Z @ 41 c2
Event: 14.317 Thread 0x000001936058ae40 DEOPT PACKING pc=0x000001930c04afd4 sp=0x00000028c5ffcca0
Event: 14.317 Thread 0x000001936058ae40 DEOPT UNPACKING pc=0x000001930bac3aa2 sp=0x00000028c5ffcc50 mode 2
Event: 14.486 Thread 0x000001936058efe0 Uncommon trap: trap_request=0xffffff45 fr.pc=0x000001930c26a318 relative=0x00000000000024d8
Event: 14.486 Thread 0x000001936058efe0 Uncommon trap: reason=unstable_if action=reinterpret pc=0x000001930c26a318 method=org.eclipse.jdt.internal.core.JarPackageFragmentRoot.initRawPackageInfo(Ljava/util/Map;Ljava/lang/String;Ljava/lang/String;ZLjava/lang/String;)V @ 151 c2
Event: 14.486 Thread 0x000001936058efe0 DEOPT PACKING pc=0x000001930c26a318 sp=0x00000028c4ffd280
Event: 14.486 Thread 0x000001936058efe0 DEOPT UNPACKING pc=0x000001930bac3aa2 sp=0x00000028c4ffd248 mode 2
Event: 14.601 Thread 0x000001936058efe0 Uncommon trap: trap_request=0xffffff45 fr.pc=0x000001930c14a7ec relative=0x000000000000068c
Event: 14.602 Thread 0x000001936058efe0 Uncommon trap: reason=unstable_if action=reinterpret pc=0x000001930c14a7ec method=java.lang.String.newStringUTF8NoRepl([BIIZ)Ljava/lang/String; @ 41 c2
Event: 14.602 Thread 0x000001936058efe0 DEOPT PACKING pc=0x000001930c14a7ec sp=0x00000028c4ffe4c0
Event: 14.602 Thread 0x000001936058efe0 DEOPT UNPACKING pc=0x000001930bac3aa2 sp=0x00000028c4ffe478 mode 2
Event: 14.602 Thread 0x000001936058ae40 Uncommon trap: trap_request=0xffffffc6 fr.pc=0x000001930c146670 relative=0x0000000000000790
Event: 14.602 Thread 0x000001936058ae40 Uncommon trap: reason=bimorphic_or_optimized_type_check action=maybe_recompile pc=0x000001930c146670 method=java.util.HashMap.putVal(ILjava/lang/Object;Ljava/lang/Object;ZZ)Ljava/lang/Object; @ 203 c2
Event: 14.602 Thread 0x000001936058ae40 DEOPT PACKING pc=0x000001930c146670 sp=0x00000028c5ffdf40
Event: 14.602 Thread 0x000001936058ae40 DEOPT UNPACKING pc=0x000001930bac3aa2 sp=0x00000028c5ffde30 mode 2
Event: 14.602 Thread 0x000001936058ae40 Uncommon trap: trap_request=0xffffffc6 fr.pc=0x000001930c146670 relative=0x0000000000000790
Event: 14.602 Thread 0x000001936058ae40 Uncommon trap: reason=bimorphic_or_optimized_type_check action=maybe_recompile pc=0x000001930c146670 method=java.util.HashMap.putVal(ILjava/lang/Object;Ljava/lang/Object;ZZ)Ljava/lang/Object; @ 203 c2
Event: 14.602 Thread 0x000001936058ae40 DEOPT PACKING pc=0x000001930c146670 sp=0x00000028c5ffdf40
Event: 14.602 Thread 0x000001936058ae40 DEOPT UNPACKING pc=0x000001930bac3aa2 sp=0x00000028c5ffde30 mode 2

Classes loaded (20 events):
Event: 14.200 Loading class java/nio/channels/NonWritableChannelException
Event: 14.201 Loading class java/nio/channels/NonWritableChannelException done
Event: 14.266 Loading class java/util/regex/Pattern$Caret
Event: 14.266 Loading class java/util/regex/Pattern$Caret done
Event: 14.353 Loading class java/util/Hashtable$ValueCollection
Event: 14.353 Loading class java/util/Hashtable$ValueCollection done
Event: 14.356 Loading class java/util/WeakHashMap$KeyIterator
Event: 14.356 Loading class java/util/WeakHashMap$KeyIterator done
Event: 14.446 Loading class java/lang/invoke/MethodHandleImpl$CountingWrapper$1
Event: 14.446 Loading class java/lang/invoke/MethodHandleImpl$CountingWrapper$1 done
Event: 14.571 Loading class sun/nio/cs/ThreadLocalCoders
Event: 14.572 Loading class sun/nio/cs/ThreadLocalCoders done
Event: 14.572 Loading class sun/nio/cs/ThreadLocalCoders$1
Event: 14.572 Loading class sun/nio/cs/ThreadLocalCoders$Cache
Event: 14.572 Loading class sun/nio/cs/ThreadLocalCoders$Cache done
Event: 14.572 Loading class sun/nio/cs/ThreadLocalCoders$1 done
Event: 14.572 Loading class sun/nio/cs/ThreadLocalCoders$2
Event: 14.572 Loading class sun/nio/cs/ThreadLocalCoders$2 done
Event: 14.632 Loading class java/lang/UnsupportedClassVersionError
Event: 14.632 Loading class java/lang/UnsupportedClassVersionError done

Classes unloaded (19 events):
Event: 2.257 Thread 0x0000019317d92510 Unloading class 0x000001931918cc00 'java/lang/invoke/LambdaForm$MH+0x000001931918cc00'
Event: 2.257 Thread 0x0000019317d92510 Unloading class 0x000001931918c800 'java/lang/invoke/LambdaForm$MH+0x000001931918c800'
Event: 2.257 Thread 0x0000019317d92510 Unloading class 0x000001931918c400 'java/lang/invoke/LambdaForm$MH+0x000001931918c400'
Event: 2.257 Thread 0x0000019317d92510 Unloading class 0x000001931918c000 'java/lang/invoke/LambdaForm$MH+0x000001931918c000'
Event: 2.257 Thread 0x0000019317d92510 Unloading class 0x000001931918bc00 'java/lang/invoke/LambdaForm$BMH+0x000001931918bc00'
Event: 2.257 Thread 0x0000019317d92510 Unloading class 0x000001931918b800 'java/lang/invoke/LambdaForm$DMH+0x000001931918b800'
Event: 2.257 Thread 0x0000019317d92510 Unloading class 0x000001931918a400 'java/lang/invoke/LambdaForm$DMH+0x000001931918a400'
Event: 14.115 Thread 0x0000019317d92510 Unloading class 0x0000019319419c00 'java/lang/invoke/LambdaForm$MH+0x0000019319419c00'
Event: 14.115 Thread 0x0000019317d92510 Unloading class 0x0000019319419000 'java/lang/invoke/LambdaForm$MH+0x0000019319419000'
Event: 14.115 Thread 0x0000019317d92510 Unloading class 0x0000019319418800 'java/lang/invoke/LambdaForm$MH+0x0000019319418800'
Event: 14.115 Thread 0x0000019317d92510 Unloading class 0x0000019319418400 'java/lang/invoke/LambdaForm$MH+0x0000019319418400'
Event: 14.115 Thread 0x0000019317d92510 Unloading class 0x0000019319413800 'java/lang/invoke/LambdaForm$DMH+0x0000019319413800'
Event: 14.115 Thread 0x0000019317d92510 Unloading class 0x0000019319413400 'java/lang/invoke/LambdaForm$MH+0x0000019319413400'
Event: 14.115 Thread 0x0000019317d92510 Unloading class 0x000001931940f000 'java/lang/invoke/LambdaForm$MH+0x000001931940f000'
Event: 14.115 Thread 0x0000019317d92510 Unloading class 0x000001931940e800 'java/lang/invoke/LambdaForm$MH+0x000001931940e800'
Event: 14.115 Thread 0x0000019317d92510 Unloading class 0x000001931940dc00 'java/lang/invoke/LambdaForm$MH+0x000001931940dc00'
Event: 14.115 Thread 0x0000019317d92510 Unloading class 0x000001931940d400 'java/lang/invoke/LambdaForm$MH+0x000001931940d400'
Event: 14.115 Thread 0x0000019317d92510 Unloading class 0x000001931940cc00 'java/lang/invoke/LambdaForm$MH+0x000001931940cc00'
Event: 14.115 Thread 0x0000019317d92510 Unloading class 0x000001931940c400 'java/lang/invoke/LambdaForm$DMH+0x000001931940c400'

Classes redefined (0 events):
No events

Internal exceptions (20 events):
Event: 13.996 Thread 0x000001936058efe0 Exception <a 'java/lang/NoSuchMethodError'{0x00000000d61ad3a0}: 'int java.lang.invoke.DirectMethodHandle$Holder.invokeVirtual(java.lang.Object, java.lang.Object, java.lang.Object)'> (0x00000000d61ad3a0) 
thrown [s\src\hotspot\share\interpreter\linkResolver.cpp, line 773]
Event: 13.996 Thread 0x000001936058efe0 Exception <a 'java/lang/NoSuchMethodError'{0x00000000d61b1990}: 'int java.lang.invoke.DirectMethodHandle$Holder.invokeStaticInit(java.lang.Object, int, int)'> (0x00000000d61b1990) 
thrown [s\src\hotspot\share\interpreter\linkResolver.cpp, line 773]
Event: 13.997 Thread 0x000001936058efe0 Exception <a 'java/lang/NoSuchMethodError'{0x00000000d61b9138}: 'int java.lang.invoke.DirectMethodHandle$Holder.invokeStaticInit(java.lang.Object, long, long)'> (0x00000000d61b9138) 
thrown [s\src\hotspot\share\interpreter\linkResolver.cpp, line 773]
Event: 13.997 Thread 0x000001936058efe0 Exception <a 'java/lang/NoSuchMethodError'{0x00000000d61c00c8}: 'int java.lang.invoke.DirectMethodHandle$Holder.invokeStaticInit(java.lang.Object, float, float)'> (0x00000000d61c00c8) 
thrown [s\src\hotspot\share\interpreter\linkResolver.cpp, line 773]
Event: 13.998 Thread 0x000001936058efe0 Exception <a 'java/lang/NoSuchMethodError'{0x00000000d61c7048}: 'int java.lang.invoke.DirectMethodHandle$Holder.invokeStaticInit(java.lang.Object, double, double)'> (0x00000000d61c7048) 
thrown [s\src\hotspot\share\interpreter\linkResolver.cpp, line 773]
Event: 13.998 Thread 0x000001936058efe0 Exception <a 'java/lang/NoSuchMethodError'{0x00000000d61cb898}: 'int java.lang.invoke.DirectMethodHandle$Holder.invokeStatic(java.lang.Object, long)'> (0x00000000d61cb898) 
thrown [s\src\hotspot\share\interpreter\linkResolver.cpp, line 773]
Event: 14.000 Thread 0x000001936058efe0 Exception <a 'java/lang/NoSuchMethodError'{0x00000000d6239c38}: 'int java.lang.invoke.Invokers$Holder.linkToTargetMethod(java.lang.Object, java.lang.Object)'> (0x00000000d6239c38) 
thrown [s\src\hotspot\share\interpreter\linkResolver.cpp, line 773]
Event: 14.000 Thread 0x000001936058ae40 Exception <a 'java/lang/NoSuchMethodError'{0x00000000d6222ba8}: 'int java.lang.invoke.Invokers$Holder.linkToTargetMethod(java.lang.Object, java.lang.Object)'> (0x00000000d6222ba8) 
thrown [s\src\hotspot\share\interpreter\linkResolver.cpp, line 773]
Event: 14.188 Thread 0x000001936058ae40 Exception <a 'java/lang/NoSuchMethodError'{0x00000000d56a38f0}: 'java.lang.Object java.lang.invoke.DirectMethodHandle$Holder.invokeStatic(java.lang.Object, int, java.lang.Object, java.lang.Object)'> (0x00000000d56a38f0) 
thrown [s\src\hotspot\share\interpreter\linkResolver.cpp, line 773]
Event: 14.188 Thread 0x000001936058ae40 Exception <a 'java/lang/NoSuchMethodError'{0x00000000d56a73a0}: 'java.lang.Object java.lang.invoke.DelegatingMethodHandle$Holder.delegate(java.lang.Object, int, java.lang.Object, java.lang.Object)'> (0x00000000d56a73a0) 
thrown [s\src\hotspot\share\interpreter\linkResolver.cpp, line 773]
Event: 14.189 Thread 0x000001936058ae40 Implicit null exception at 0x000001930c1d8500 to 0x000001930c1d880c
Event: 14.190 Thread 0x000001936058ae40 Exception <a 'java/lang/NoSuchMethodError'{0x00000000d5746bf8}: 'int java.lang.invoke.Invokers$Holder.linkToTargetMethod(java.lang.Object, java.lang.Object, java.lang.Object)'> (0x00000000d5746bf8) 
thrown [s\src\hotspot\share\interpreter\linkResolver.cpp, line 773]
Event: 14.359 Thread 0x000001936058e2c0 Exception <a 'java/lang/NoSuchMethodError'{0x00000000d59f9dc8}: 'java.lang.Object java.lang.invoke.DirectMethodHandle$Holder.invokeSpecial(java.lang.Object, java.lang.Object, java.lang.Object, java.lang.Object, int, java.lang.Object, java.lang.Object)'> (0x00000000d59f9dc8) 
thrown [s\src\hotspot\share\interpreter\linkResolver.cpp, line 773]
Event: 14.646 Thread 0x000001936058ae40 Exception <a 'sun/nio/fs/WindowsException'{0x00000000d5aa9b90}> (0x00000000d5aa9b90) 
thrown [s\src\hotspot\share\prims\jni.cpp, line 520]
Event: 14.647 Thread 0x000001936058ae40 Exception <a 'sun/nio/fs/WindowsException'{0x00000000d5aaf520}> (0x00000000d5aaf520) 
thrown [s\src\hotspot\share\prims\jni.cpp, line 520]
Event: 14.650 Thread 0x000001936058efe0 Exception <a 'java/lang/NoSuchMethodError'{0x00000000d5af22c8}: 'int java.lang.invoke.Invokers$Holder.invokeExact_MT(java.lang.Object, java.lang.Object)'> (0x00000000d5af22c8) 
thrown [s\src\hotspot\share\interpreter\linkResolver.cpp, line 773]
Event: 14.650 Thread 0x000001936058ae40 Exception <a 'java/io/FileNotFoundException'{0x00000000d5ab9c58}> (0x00000000d5ab9c58) 
thrown [s\src\hotspot\share\prims\jni.cpp, line 520]
Event: 14.664 Thread 0x000001936058ae40 Exception <a 'java/io/FileNotFoundException'{0x00000000d5acfa80}> (0x00000000d5acfa80) 
thrown [s\src\hotspot\share\prims\jni.cpp, line 520]
Event: 14.665 Thread 0x000001936058ae40 Exception <a 'java/io/FileNotFoundException'{0x00000000d5c252d0}> (0x00000000d5c252d0) 
thrown [s\src\hotspot\share\prims\jni.cpp, line 520]
Event: 14.665 Thread 0x000001936058ae40 Exception <a 'java/io/FileNotFoundException'{0x00000000d5c262e8}> (0x00000000d5c262e8) 
thrown [s\src\hotspot\share\prims\jni.cpp, line 520]

ZGC Phase Switch (0 events):
No events

VM Operations (20 events):
Event: 13.903 Executing VM operation: HandshakeAllThreads (Deoptimize)
Event: 13.903 Executing VM operation: HandshakeAllThreads (Deoptimize) done
Event: 13.904 Executing VM operation: HandshakeAllThreads (Deoptimize)
Event: 13.904 Executing VM operation: HandshakeAllThreads (Deoptimize) done
Event: 14.048 Executing VM operation: ParallelGCFailedAllocation (Allocation Failure)
Event: 14.051 Executing VM operation: ParallelGCFailedAllocation (Allocation Failure) done
Event: 14.105 Executing VM operation: CollectForMetadataAllocation (Metadata GC Threshold)
Event: 14.147 Executing VM operation: CollectForMetadataAllocation (Metadata GC Threshold) done
Event: 14.242 Executing VM operation: ParallelGCFailedAllocation (Allocation Failure)
Event: 14.245 Executing VM operation: ParallelGCFailedAllocation (Allocation Failure) done
Event: 14.312 Executing VM operation: ParallelGCFailedAllocation (Allocation Failure)
Event: 14.315 Executing VM operation: ParallelGCFailedAllocation (Allocation Failure) done
Event: 14.390 Executing VM operation: ParallelGCFailedAllocation (Allocation Failure)
Event: 14.394 Executing VM operation: ParallelGCFailedAllocation (Allocation Failure) done
Event: 14.479 Executing VM operation: ParallelGCFailedAllocation (Allocation Failure)
Event: 14.485 Executing VM operation: ParallelGCFailedAllocation (Allocation Failure) done
Event: 14.561 Executing VM operation: ParallelGCFailedAllocation (Allocation Failure)
Event: 14.565 Executing VM operation: ParallelGCFailedAllocation (Allocation Failure) done
Event: 14.610 Executing VM operation: HandshakeAllThreads (Deoptimize)
Event: 14.610 Executing VM operation: HandshakeAllThreads (Deoptimize) done

Memory protections (0 events):
No events

Nmethod flushes (20 events):
Event: 14.124 Thread 0x0000019317d92510 flushing  nmethod 0x000001930498f090
Event: 14.124 Thread 0x0000019317d92510 flushing  nmethod 0x000001930498fa90
Event: 14.125 Thread 0x0000019317d92510 flushing  nmethod 0x0000019304992f90
Event: 14.125 Thread 0x0000019317d92510 flushing  nmethod 0x00000193049d5690
Event: 14.125 Thread 0x0000019317d92510 flushing  nmethod 0x00000193049d5a90
Event: 14.125 Thread 0x0000019317d92510 flushing  nmethod 0x00000193049d5e90
Event: 14.125 Thread 0x0000019317d92510 flushing  nmethod 0x00000193049d6910
Event: 14.125 Thread 0x0000019317d92510 flushing  nmethod 0x00000193049dd110
Event: 14.125 Thread 0x0000019317d92510 flushing  nmethod 0x00000193049de410
Event: 14.125 Thread 0x0000019317d92510 flushing  nmethod 0x00000193049df210
Event: 14.125 Thread 0x0000019317d92510 flushing  nmethod 0x00000193049dfb10
Event: 14.125 Thread 0x0000019317d92510 flushing  nmethod 0x00000193049e3110
Event: 14.125 Thread 0x0000019317d92510 flushing  nmethod 0x00000193049e3610
Event: 14.125 Thread 0x0000019317d92510 flushing  nmethod 0x00000193049e4c10
Event: 14.125 Thread 0x0000019317d92510 flushing  nmethod 0x00000193049e7610
Event: 14.125 Thread 0x0000019317d92510 flushing  nmethod 0x00000193049e8b90
Event: 14.125 Thread 0x0000019317d92510 flushing  nmethod 0x00000193049e9790
Event: 14.125 Thread 0x0000019317d92510 flushing  nmethod 0x00000193049ee410
Event: 14.125 Thread 0x0000019317d92510 flushing  nmethod 0x0000019304a0ad10
Event: 14.125 Thread 0x0000019317d92510 flushing osr nmethod 0x0000019304a55c90

Events (20 events):
Event: 2.698 Thread 0x000001937f008ba0 Thread added: 0x00000193608af670
Event: 2.698 Thread 0x000001937f008ba0 Thread added: 0x00000193608acf10
Event: 2.698 Thread 0x000001937f008ba0 Thread added: 0x00000193608ae2c0
Event: 2.698 Thread 0x000001937f008ba0 Thread added: 0x00000193608ac880
Event: 2.698 Thread 0x000001937f008ba0 Thread added: 0x00000193608ad5a0
Event: 2.698 Thread 0x000001937f008ba0 Thread added: 0x00000193608adc30
Event: 2.698 Thread 0x000001937f008ba0 Thread added: 0x00000193608ae950
Event: 2.698 Thread 0x000001937f008ba0 Thread added: 0x0000019360590a20
Event: 2.720 Thread 0x000001937f008ba0 Thread added: 0x000001936058dc30
Event: 2.824 Thread 0x000001937f008ba0 Thread added: 0x000001936058d5a0
Event: 2.824 Thread 0x000001937f008ba0 Thread added: 0x000001936058ae40
Event: 3.224 Thread 0x000001935fb5b9b0 Thread exited: 0x000001935fb5b9b0
Event: 3.224 Thread 0x000001935a96bae0 Thread exited: 0x000001935a96bae0
Event: 3.339 Thread 0x0000019317db8dd0 Thread added: 0x00000193617487f0
Event: 6.712 Thread 0x000001935f88dcd0 Thread exited: 0x000001935f88dcd0
Event: 8.594 Thread 0x00000193617487f0 Thread exited: 0x00000193617487f0
Event: 13.275 Thread 0x000001936058ae40 Thread added: 0x000001936058e2c0
Event: 13.277 Thread 0x000001936058ae40 Thread added: 0x000001936058efe0
Event: 13.355 Thread 0x0000019317db8dd0 Thread added: 0x00000193617487f0
Event: 13.450 Thread 0x0000019317db8dd0 Thread added: 0x0000019362553fe0


Dynamic libraries:
0x00007ff71ea90000 - 0x00007ff71ea9e000 	c:\Users\DELL\.vscode\extensions\redhat.java-1.45.0-win32-x64\jre\21.0.8-win32-x86_64\bin\java.exe
0x00007ffba5590000 - 0x00007ffba5788000 	C:\Windows\SYSTEM32\ntdll.dll
0x00007ffba41c0000 - 0x00007ffba4282000 	C:\Windows\System32\KERNEL32.DLL
0x00007ffba3020000 - 0x00007ffba3316000 	C:\Windows\System32\KERNELBASE.dll
0x00007ffba3420000 - 0x00007ffba3520000 	C:\Windows\System32\ucrtbase.dll
0x00007ffb88c00000 - 0x00007ffb88c18000 	c:\Users\DELL\.vscode\extensions\redhat.java-1.45.0-win32-x64\jre\21.0.8-win32-x86_64\bin\jli.dll
0x00007ffb872e0000 - 0x00007ffb872fe000 	c:\Users\DELL\.vscode\extensions\redhat.java-1.45.0-win32-x64\jre\21.0.8-win32-x86_64\bin\VCRUNTIME140.dll
0x00007ffba4020000 - 0x00007ffba41bd000 	C:\Windows\System32\USER32.dll
0x00007ffba2cb0000 - 0x00007ffba2cd2000 	C:\Windows\System32\win32u.dll
0x00007ffba47f0000 - 0x00007ffba481b000 	C:\Windows\System32\GDI32.dll
0x00007ffb8f660000 - 0x00007ffb8f8fb000 	C:\Windows\WinSxS\amd64_microsoft.windows.common-controls_6595b64144ccf1df_6.0.19041.6280_none_60bc30a171f2f3f3\COMCTL32.dll
0x00007ffba3f80000 - 0x00007ffba401e000 	C:\Windows\System32\msvcrt.dll
0x00007ffba2d10000 - 0x00007ffba2e29000 	C:\Windows\System32\gdi32full.dll
0x00007ffba3520000 - 0x00007ffba35bd000 	C:\Windows\System32\msvcp_win.dll
0x00007ffba5510000 - 0x00007ffba553f000 	C:\Windows\System32\IMM32.DLL
0x00007ffb9c130000 - 0x00007ffb9c13c000 	c:\Users\DELL\.vscode\extensions\redhat.java-1.45.0-win32-x64\jre\21.0.8-win32-x86_64\bin\vcruntime140_1.dll
0x00007ffb64090000 - 0x00007ffb6411d000 	c:\Users\DELL\.vscode\extensions\redhat.java-1.45.0-win32-x64\jre\21.0.8-win32-x86_64\bin\msvcp140.dll
0x00007ffb379f0000 - 0x00007ffb38787000 	c:\Users\DELL\.vscode\extensions\redhat.java-1.45.0-win32-x64\jre\21.0.8-win32-x86_64\bin\server\jvm.dll
0x00007ffba4370000 - 0x00007ffba4421000 	C:\Windows\System32\ADVAPI32.dll
0x00007ffba3770000 - 0x00007ffba380f000 	C:\Windows\System32\sechost.dll
0x00007ffba4930000 - 0x00007ffba4a50000 	C:\Windows\System32\RPCRT4.dll
0x00007ffba2ce0000 - 0x00007ffba2d07000 	C:\Windows\System32\bcrypt.dll
0x00007ffba4780000 - 0x00007ffba47eb000 	C:\Windows\System32\WS2_32.dll
0x00007ffba21c0000 - 0x00007ffba220b000 	C:\Windows\SYSTEM32\POWRPROF.dll
0x00007ffb9b5d0000 - 0x00007ffb9b5da000 	C:\Windows\SYSTEM32\VERSION.dll
0x00007ffb97550000 - 0x00007ffb97577000 	C:\Windows\SYSTEM32\WINMM.dll
0x00007ffba2030000 - 0x00007ffba2042000 	C:\Windows\SYSTEM32\UMPDC.dll
0x00007ffba1450000 - 0x00007ffba1462000 	C:\Windows\SYSTEM32\kernel.appcore.dll
0x00007ffb8faf0000 - 0x00007ffb8fafa000 	c:\Users\DELL\.vscode\extensions\redhat.java-1.45.0-win32-x64\jre\21.0.8-win32-x86_64\bin\jimage.dll
0x00007ffba0800000 - 0x00007ffba0a01000 	C:\Windows\SYSTEM32\DBGHELP.DLL
0x00007ffb89b70000 - 0x00007ffb89ba4000 	C:\Windows\SYSTEM32\dbgcore.DLL
0x00007ffba2f90000 - 0x00007ffba3012000 	C:\Windows\System32\bcryptPrimitives.dll
0x00007ffb8ec60000 - 0x00007ffb8ec6f000 	c:\Users\DELL\.vscode\extensions\redhat.java-1.45.0-win32-x64\jre\21.0.8-win32-x86_64\bin\instrument.dll
0x00007ffb70780000 - 0x00007ffb7079f000 	c:\Users\DELL\.vscode\extensions\redhat.java-1.45.0-win32-x64\jre\21.0.8-win32-x86_64\bin\java.dll
0x00007ffba3810000 - 0x00007ffba3f80000 	C:\Windows\System32\SHELL32.dll
0x00007ffba0c90000 - 0x00007ffba1435000 	C:\Windows\SYSTEM32\windows.storage.dll
0x00007ffba51b0000 - 0x00007ffba5503000 	C:\Windows\System32\combase.dll
0x00007ffba2660000 - 0x00007ffba268b000 	C:\Windows\SYSTEM32\Wldp.dll
0x00007ffba4b70000 - 0x00007ffba4c3d000 	C:\Windows\System32\OLEAUT32.dll
0x00007ffba4880000 - 0x00007ffba492d000 	C:\Windows\System32\SHCORE.dll
0x00007ffba4820000 - 0x00007ffba487b000 	C:\Windows\System32\shlwapi.dll
0x00007ffba2b60000 - 0x00007ffba2b84000 	C:\Windows\SYSTEM32\profapi.dll
0x00007ffb73b20000 - 0x00007ffb73b38000 	c:\Users\DELL\.vscode\extensions\redhat.java-1.45.0-win32-x64\jre\21.0.8-win32-x86_64\bin\zip.dll
0x00007ffb8e690000 - 0x00007ffb8e6a0000 	C:\Users\DELL\.vscode\extensions\redhat.java-1.45.0-win32-x64\jre\21.0.8-win32-x86_64\bin\net.dll
0x00007ffb9f9e0000 - 0x00007ffb9faea000 	C:\Windows\SYSTEM32\WINHTTP.dll
0x00007ffba23c0000 - 0x00007ffba242a000 	C:\Windows\system32\mswsock.dll
0x00007ffb71580000 - 0x00007ffb71596000 	C:\Users\DELL\.vscode\extensions\redhat.java-1.45.0-win32-x64\jre\21.0.8-win32-x86_64\bin\nio.dll
0x00007ffb88e60000 - 0x00007ffb88e70000 	c:\Users\DELL\.vscode\extensions\redhat.java-1.45.0-win32-x64\jre\21.0.8-win32-x86_64\bin\verify.dll
0x00007ffb6a4b0000 - 0x00007ffb6a4f4000 	C:\Users\DELL\AppData\Roaming\Code\User\globalStorage\redhat.java\1.45.0\config_ss_win\org.eclipse.equinox.launcher\org.eclipse.equinox.launcher.win32.win32.x86_64_1.2.1400.v20250801-0854\eclipse_11916.dll
0x00007ffba4450000 - 0x00007ffba457b000 	C:\Windows\System32\ole32.dll
0x00007ffba25b0000 - 0x00007ffba25c8000 	C:\Windows\SYSTEM32\CRYPTSP.dll
0x00007ffba1c70000 - 0x00007ffba1ca8000 	C:\Windows\system32\rsaenh.dll
0x00007ffba2b20000 - 0x00007ffba2b4e000 	C:\Windows\SYSTEM32\USERENV.dll
0x00007ffba25d0000 - 0x00007ffba25dc000 	C:\Windows\SYSTEM32\CRYPTBASE.dll
0x00007ffba2050000 - 0x00007ffba208b000 	C:\Windows\SYSTEM32\IPHLPAPI.DLL
0x00007ffba5540000 - 0x00007ffba5548000 	C:\Windows\System32\NSI.dll
0x00007ffb68b30000 - 0x00007ffb68b79000 	C:\Users\DELL\AppData\Local\Temp\jna-2094529\jna16386979714243436918.dll
0x00007ffba4c50000 - 0x00007ffba4c58000 	C:\Windows\System32\PSAPI.DLL
0x00007ffb9e3c0000 - 0x00007ffb9e3d7000 	C:\Windows\SYSTEM32\dhcpcsvc6.DLL
0x00007ffb9e3a0000 - 0x00007ffb9e3bd000 	C:\Windows\SYSTEM32\dhcpcsvc.DLL

JVMTI agents:
c:\Users\DELL\.vscode\extensions\redhat.java-1.45.0-win32-x64\lombok\lombok-1.18.39-4050.jar path:c:\Users\DELL\.vscode\extensions\redhat.java-1.45.0-win32-x64\jre\21.0.8-win32-x86_64\bin\instrument.dll, loaded, initialized, instrumentlib options:none

dbghelp: loaded successfully - version: 4.0.5 - missing functions: none
symbol engine: initialized successfully - sym options: 0x614 - pdb path: .;c:\Users\DELL\.vscode\extensions\redhat.java-1.45.0-win32-x64\jre\21.0.8-win32-x86_64\bin;C:\Windows\SYSTEM32;C:\Windows\WinSxS\amd64_microsoft.windows.common-controls_6595b64144ccf1df_6.0.19041.6280_none_60bc30a171f2f3f3;c:\Users\DELL\.vscode\extensions\redhat.java-1.45.0-win32-x64\jre\21.0.8-win32-x86_64\bin\server;C:\Users\DELL\AppData\Roaming\Code\User\globalStorage\redhat.java\1.45.0\config_ss_win\org.eclipse.equinox.launcher\org.eclipse.equinox.launcher.win32.win32.x86_64_1.2.1400.v20250801-0854;C:\Users\DELL\AppData\Local\Temp\jna-2094529

VM Arguments:
jvm_args: --add-modules=ALL-SYSTEM --add-opens=java.base/java.util=ALL-UNNAMED --add-opens=java.base/java.lang=ALL-UNNAMED --add-opens=java.base/sun.nio.fs=ALL-UNNAMED -Declipse.application=org.eclipse.jdt.ls.core.id1 -Dosgi.bundles.defaultStartLevel=4 -Declipse.product=org.eclipse.jdt.ls.core.product -Djava.import.generatesMetadataFilesAtProjectRoot=false -DDetectVMInstallationsJob.disabled=true -Dfile.encoding=utf8 -XX:+UseParallelGC -XX:GCTimeRatio=4 -XX:AdaptiveSizePolicyWeight=90 -Dsun.zip.disableMemoryMapping=true -Xmx2G -Xms100m -Xlog:disable -javaagent:c:\Users\DELL\.vscode\extensions\redhat.java-1.45.0-win32-x64\lombok\lombok-1.18.39-4050.jar 
java_command: c:\Users\DELL\.vscode\extensions\redhat.java-1.45.0-win32-x64\server\plugins\org.eclipse.equinox.launcher_1.7.0.v20250519-0528.jar -configuration c:\Users\DELL\AppData\Roaming\Code\User\globalStorage\redhat.java\1.45.0\config_ss_win -data c:\Users\DELL\AppData\Roaming\Code\User\workspaceStorage\2e6a35ae1027c8a343d8f8d5bea92063\redhat.java\ss_ws --pipe=\\.\pipe\lsp-31212347d1c98647ba7673d505c68f2e-sock
java_class_path (initial): c:\Users\DELL\.vscode\extensions\redhat.java-1.45.0-win32-x64\server\plugins\org.eclipse.equinox.launcher_1.7.0.v20250519-0528.jar
Launcher Type: SUN_STANDARD

[Global flags]
    uintx AdaptiveSizePolicyWeight                 = 90                                        {product} {command line}
     intx CICompilerCount                          = 4                                         {product} {ergonomic}
    uintx GCTimeRatio                              = 4                                         {product} {command line}
   size_t InitialHeapSize                          = 104857600                                 {product} {command line}
   size_t MaxHeapSize                              = 2147483648                                {product} {command line}
   size_t MaxNewSize                               = 715653120                                 {product} {ergonomic}
   size_t MinHeapDeltaBytes                        = 524288                                    {product} {ergonomic}
   size_t MinHeapSize                              = 104857600                                 {product} {command line}
   size_t NewSize                                  = 34603008                                  {product} {ergonomic}
    uintx NonNMethodCodeHeapSize                   = 5839372                                {pd product} {ergonomic}
    uintx NonProfiledCodeHeapSize                  = 122909434                              {pd product} {ergonomic}
   size_t OldSize                                  = 70254592                                  {product} {ergonomic}
    uintx ProfiledCodeHeapSize                     = 122909434                              {pd product} {ergonomic}
    uintx ReservedCodeCacheSize                    = 251658240                              {pd product} {ergonomic}
     bool SegmentedCodeCache                       = true                                      {product} {ergonomic}
   size_t SoftMaxHeapSize                          = 2147483648                             {manageable} {ergonomic}
     bool UseCompressedOops                        = true                           {product lp64_product} {ergonomic}
     bool UseLargePagesIndividualAllocation        = false                                  {pd product} {ergonomic}
     bool UseParallelGC                            = true                                      {product} {command line}

Logging:
Log output configuration:
 #0: stdout all=off uptime,level,tags foldmultilines=false
 #1: stderr all=off uptime,level,tags foldmultilines=false

Environment Variables:
JAVA_HOME=C:\Program Files\Java\jdk-17
PATH=C:\Program Files\Common Files\Oracle\Java\javapath;C:\ActiveTcl\bin;C:\Windows\system32;C:\Windows;C:\Windows\System32\Wbem;C:\Windows\System32\WindowsPowerShell\v1.0\;C:\Windows\System32\OpenSSH\;C:\Program Files (x86)\NVIDIA Corporation\PhysX\Common;C:\xampp\php;C:\ProgramData\ComposerSetup\bin;C:\Program Files\nodejs\;C:\ProgramData\chocolatey\bin;C:\Program Files\Git\cmd;C:\Program Files\Java\jdk-17;C:\Program Files\apache-maven-3.9.9-bin\apache-maven-3.9.9\bin;C:\Program Files\Amazon\AWSCLIV2\;C:\Users\DELL\Downloads\stripe_1.27.0_windows_x86_64\stripe.exe;C:\Users\DELL\AppData\Local\Programs\Python\Python312\Scripts\;C:\Users\DELL\AppData\Local\Programs\Python\Python312\;C:\Users\DELL\AppData\Local\Microsoft\WindowsApps;C:\Users\DELL\AppData\Local\Programs\Microsoft VS Code\bin;C:\Users\DELL\AppData\Roaming\Composer\vendor\bin;C:\Users\DELL\AppData\Roaming\npm;C:\Users\DELL\AppData\Local\GitHubDesktop\bin;C:\Program Files\JetBrains\PyCharm 2024.1.4\bin;;C:\Program Files\JetBrains\IntelliJ IDEA 2024.2.3\bin;;C:\Users\DELL\AppData\Local\Programs\cursor\resources\app\bin;C:\Program Files\heroku\bin
USERNAME=DELL
OS=Windows_NT
PROCESSOR_IDENTIFIER=Intel64 Family 6 Model 165 Stepping 2, GenuineIntel
TMP=C:\Users\DELL\AppData\Local\Temp
TEMP=C:\Users\DELL\AppData\Local\Temp




Periodic native trim disabled

---------------  S Y S T E M  ---------------

OS:
 Windows 10 , 64 bit Build 19041 (10.0.19041.5915)
OS uptime: 9 days 4:08 hours

CPU: total 8 (initial active 8) (4 cores per cpu, 2 threads per core) family 6 model 165 stepping 2 microcode 0xfc, cx8, cmov, fxsr, ht, mmx, 3dnowpref, sse, sse2, sse3, ssse3, sse4.1, sse4.2, popcnt, lzcnt, tsc, tscinvbit, avx, avx2, aes, erms, clmul, bmi1, bmi2, adx, fma, vzeroupper, clflush, clflushopt, rdtscp, f16c, pku
Processor Information for the first 8 processors :
  Max Mhz: 2496, Current Mhz: 2496, Mhz Limit: 2496

Memory: 4k page, system-wide physical 20273M (990M free)
TotalPageFile size 50721M (AvailPageFile size 5M)
current process WorkingSet (physical memory assigned to process): 204M, peak: 205M
current process commit charge ("private bytes"): 323M, peak: 324M

vm_info: OpenJDK 64-Bit Server VM (21.0.8+9-LTS) for windows-amd64 JRE (21.0.8+9-LTS), built on 2025-07-15T00:00:00Z by "admin" with MS VC++ 17.7 (VS2022)

END.
